{
  "RSpec": {
    "coverage": {
      "/Users/benji/BookmarkApp/bookclips-rails/spec/controllers/bookmarks_controller_spec.rb": [
        1,
        null,
        1,
        1,
        null,
        1,
        4,
        4,
        null,
        null,
        1,
        11,
        null,
        1,
        null,
        1,
        1,
        null,
        1,
        1,
        null,
        null,
        1,
        1,
        null,
        1,
        null,
        1,
        1,
        null,
        1,
        1,
        null,
        null,
        1,
        1,
        null,
        1,
        1,
        1,
        null,
        1,
        null,
        null,
        1,
        1,
        1,
        null,
        1,
        1,
        null,
        1,
        null,
        null,
        null,
        null,
        null,
        null
      ],
      "/Users/benji/BookmarkApp/bookclips-rails/spec/rails_helper.rb": [
        null,
        1,
        1,
        1,
        1,
        null,
        null,
        null,
        null,
        null,
        null,
        null,
        null,
        null,
        null,
        null,
        null,
        null,
        null,
        null,
        null,
        null,
        null,
        null,
        1,
        null,
        1,
        null,
        1,
        1,
        null,
        null,
        null,
        null,
        null,
        null,
        null,
        null,
        null,
        null,
        null,
        null,
        null,
        null,
        null,
        null,
        null,
        null,
        null,
        1,
        null
      ],
      "/Users/benji/BookmarkApp/bookclips-rails/config/environment.rb": [
        null,
        1,
        null,
        null,
        1,
        null,
        null
      ],
      "/Users/benji/BookmarkApp/bookclips-rails/config/application.rb": [
        1,
        null,
        null,
        1,
        1,
        1,
        1,
        1,
        null,
        1,
        null,
        null,
        null,
        1,
        null,
        1,
        1,
        null,
        1,
        1,
        null,
        null,
        null,
        null,
        null,
        1,
        null,
        null,
        null,
        null,
        null,
        null,
        null,
        null,
        null,
        null,
        null,
        null,
        null,
        null
      ],
      "/Users/benji/BookmarkApp/bookclips-rails/config/boot.rb": [
        null,
        1,
        null,
        1
      ],
      "/Users/benji/BookmarkApp/bookclips-rails/config/environments/test.rb": [
        1,
        null,
        null,
        null,
        null,
        null,
        null,
        1,
        null,
        null,
        null,
        null,
        1,
        null,
        null,
        1,
        1,
        null,
        null,
        1,
        1,
        null,
        null,
        1,
        null,
        null,
        1,
        null,
        null,
        null,
        null,
        1,
        null,
        null,
        1,
        null,
        null,
        null,
        null
      ],
      "/Users/benji/BookmarkApp/bookclips-rails/config/initializers/backtrace_silencers.rb": [
        null,
        null,
        null,
        null,
        null,
        null,
        null
      ],
      "/Users/benji/BookmarkApp/bookclips-rails/config/initializers/cookies_serializer.rb": [
        null,
        null,
        1
      ],
      "/Users/benji/BookmarkApp/bookclips-rails/config/initializers/devise.rb": [
        null,
        null,
        1,
        null,
        null,
        null,
        null,
        null,
        null,
        1,
        null,
        null,
        null,
        null,
        null,
        1,
        null,
        null,
        null,
        null,
        null,
        null,
        null,
        null,
        1,
        null,
        null,
        null,
        null,
        null,
        null,
        null,
        null,
        null,
        null,
        null,
        null,
        null,
        null,
        null,
        null,
        null,
        null,
        null,
        null,
        null,
        1,
        null,
        null,
        null,
        null,
        1,
        null,
        null,
        null,
        null,
        null,
        null,
        null,
        null,
        null,
        null,
        null,
        null,
        null,
        null,
        null,
        null,
        null,
        null,
        null,
        null,
        null,
        null,
        null,
        null,
        null,
        null,
        null,
        null,
        null,
        null,
        1,
        null,
        null,
        null,
        null,
        null,
        null,
        null,
        null,
        null,
        null,
        null,
        null,
        null,
        null,
        null,
        null,
        1,
        null,
        null,
        null,
        null,
        null,
        null,
        null,
        null,
        null,
        null,
        1,
        null,
        null,
        null,
        null,
        null,
        null,
        null,
        null,
        null,
        null,
        null,
        null,
        null,
        1,
        null,
        null,
        null,
        null,
        null,
        null,
        null,
        null,
        null,
        1,
        null,
        null,
        null,
        null,
        null,
        null,
        null,
        null,
        null,
        null,
        1,
        null,
        null,
        null,
        null,
        null,
        null,
        null,
        null,
        null,
        null,
        null,
        null,
        null,
        null,
        null,
        null,
        null,
        null,
        null,
        null,
        null,
        null,
        null,
        null,
        null,
        null,
        null,
        null,
        null,
        null,
        null,
        null,
        null,
        null,
        null,
        null,
        null,
        null,
        null,
        null,
        null,
        null,
        null,
        null,
        null,
        null,
        null,
        null,
        1,
        null,
        null,
        null,
        null,
        null,
        null,
        null,
        null,
        null,
        null,
        null,
        null,
        null,
        null,
        null,
        null,
        null,
        null,
        null,
        null,
        null,
        null,
        null,
        null,
        null,
        null,
        null,
        null,
        null,
        null,
        null,
        null,
        null,
        null,
        null,
        null,
        null,
        1,
        null,
        null,
        null,
        null,
        null,
        null,
        null,
        null,
        null,
        null,
        null,
        null,
        null,
        null,
        null,
        null,
        null,
        null,
        null,
        null,
        null,
        null,
        null,
        null,
        null,
        null,
        null,
        null,
        null
      ],
      "/Users/benji/BookmarkApp/bookclips-rails/config/initializers/filter_parameter_logging.rb": [
        null,
        null,
        null,
        1
      ],
      "/Users/benji/BookmarkApp/bookclips-rails/config/initializers/inflections.rb": [
        null,
        null,
        null,
        null,
        null,
        null,
        null,
        null,
        null,
        null,
        null,
        null,
        null,
        null,
        null,
        null
      ],
      "/Users/benji/BookmarkApp/bookclips-rails/config/initializers/mime_types.rb": [
        null,
        null,
        null,
        null
      ],
      "/Users/benji/BookmarkApp/bookclips-rails/config/initializers/session_store.rb": [
        null,
        null,
        1
      ],
      "/Users/benji/BookmarkApp/bookclips-rails/config/initializers/setup_mail.rb": [
        1,
        0,
        0,
        null,
        null,
        null,
        null,
        null,
        null,
        null,
        null,
        null
      ],
      "/Users/benji/BookmarkApp/bookclips-rails/config/initializers/wrap_parameters.rb": [
        null,
        null,
        null,
        null,
        null,
        null,
        1,
        1,
        null,
        null,
        null,
        null,
        null,
        null
      ],
      "/Users/benji/BookmarkApp/bookclips-rails/spec/factories/bookmarks.rb": [
        1,
        1,
        1,
        null,
        null
      ],
      "/Users/benji/BookmarkApp/bookclips-rails/spec/factories/hashtags.rb": [
        1,
        1,
        1,
        null,
        null,
        null
      ],
      "/Users/benji/BookmarkApp/bookclips-rails/spec/factories/users.rb": [
        1,
        1,
        1,
        7,
        1,
        1,
        1,
        null,
        null,
        null
      ],
      "/Users/benji/BookmarkApp/bookclips-rails/config/routes.rb": [
        1,
        null,
        1,
        null,
        null,
        null,
        null,
        1,
        1,
        1,
        1,
        null,
        1,
        1,
        1,
        1,
        null,
        1,
        null
      ],
      "/Users/benji/BookmarkApp/bookclips-rails/app/models/user.rb": [
        1,
        1,
        null,
        1,
        1,
        1,
        null
      ],
      "/Users/benji/BookmarkApp/bookclips-rails/app/helpers/application_helper.rb": [
        1,
        null
      ],
      "/Users/benji/BookmarkApp/bookclips-rails/app/helpers/favorites_helper.rb": [
        1,
        null
      ],
      "/Users/benji/BookmarkApp/bookclips-rails/db/schema.rb": [
        null,
        null,
        null,
        null,
        null,
        null,
        null,
        null,
        null,
        null,
        null,
        null,
        null,
        1,
        null,
        null,
        1,
        null,
        1,
        1,
        1,
        1,
        1,
        1,
        1,
        1,
        1,
        1,
        null,
        null,
        1,
        1,
        1,
        1,
        1,
        1,
        1,
        1,
        null,
        null,
        1,
        null,
        1,
        1,
        1,
        null,
        null,
        1,
        1,
        null,
        1,
        1,
        1,
        null,
        null,
        1,
        1,
        null,
        1,
        1,
        1,
        1,
        null,
        null,
        1,
        1,
        1,
        1,
        1,
        1,
        1,
        1,
        1,
        1,
        1,
        1,
        1,
        1,
        1,
        1,
        1,
        1,
        null,
        null,
        1,
        1,
        null,
        null
      ],
      "/Users/benji/BookmarkApp/bookclips-rails/app/controllers/bookmarks_controller.rb": [
        1,
        1,
        null,
        1,
        1,
        1,
        null,
        null,
        1,
        1,
        1,
        null,
        null,
        1,
        1,
        null,
        1,
        1,
        null,
        null,
        1,
        1,
        null,
        1,
        1,
        1,
        null,
        null,
        1,
        null,
        1,
        2,
        null,
        null,
        null
      ],
      "/Users/benji/BookmarkApp/bookclips-rails/app/controllers/application_controller.rb": [
        1,
        1,
        1,
        null,
        1,
        null,
        1,
        1,
        null,
        1,
        0,
        null,
        null
      ],
      "/Users/benji/BookmarkApp/bookclips-rails/spec/controllers/favorites_controller_spec.rb": [
        1,
        null,
        1,
        1,
        null,
        1,
        1,
        1,
        1,
        1,
        null,
        1,
        null,
        1,
        1,
        null,
        null,
        1,
        1,
        1,
        1,
        1,
        null,
        1,
        null,
        1,
        null,
        null
      ],
      "/Users/benji/BookmarkApp/bookclips-rails/app/controllers/favorites_controller.rb": [
        1,
        1,
        null,
        1,
        1,
        1,
        1,
        1,
        null,
        null,
        1,
        1,
        1,
        1,
        1,
        1,
        2,
        1,
        null,
        null,
        null
      ],
      "/Users/benji/BookmarkApp/bookclips-rails/spec/controllers/hashtags_controller_spec.rb": [
        1,
        null,
        1,
        1,
        11,
        null,
        1,
        null,
        1,
        1,
        1,
        null,
        null,
        1,
        1,
        null,
        1,
        null,
        1,
        1,
        1,
        null,
        null,
        1,
        1,
        null,
        1,
        1,
        null,
        1,
        null,
        null,
        null
      ],
      "/Users/benji/BookmarkApp/bookclips-rails/app/controllers/hashtags_controller.rb": [
        1,
        1,
        null,
        1,
        1,
        1,
        null,
        null,
        1,
        1,
        1,
        null,
        null,
        1,
        1,
        1,
        1,
        null,
        null,
        1,
        1,
        1,
        null,
        null
      ],
      "/Users/benji/BookmarkApp/bookclips-rails/spec/models/bookmark_spec.rb": [
        1,
        null,
        1,
        null,
        1,
        1,
        1,
        null,
        1,
        1,
        null,
        null,
        1,
        1,
        null,
        1,
        1,
        null,
        null,
        null
      ],
      "/Users/benji/BookmarkApp/bookclips-rails/app/models/bookmark.rb": [
        1,
        1,
        1,
        1,
        1,
        1,
        1,
        1,
        1,
        1,
        1,
        null,
        1,
        19,
        19,
        null,
        19,
        19,
        19,
        19,
        19,
        null,
        null,
        1,
        86,
        null,
        null,
        1,
        41,
        2,
        null,
        39,
        null,
        null,
        null,
        null
      ],
      "/Users/benji/BookmarkApp/bookclips-rails/spec/models/hashtag_spec.rb": [
        1,
        null,
        1,
        1,
        1,
        1,
        1,
        4,
        null,
        1,
        null,
        null
      ],
      "/Users/benji/BookmarkApp/bookclips-rails/app/models/hashtag.rb": [
        1,
        1,
        1,
        null
      ],
      "/Users/benji/BookmarkApp/bookclips-rails/app/models/favorite.rb": [
        1,
        1,
        1,
        null
      ],
      "/Users/benji/BookmarkApp/bookclips-rails/app/serializers/bookmark_serializer.rb": [
        1,
        1,
        null,
        null,
        1,
        null,
        1,
        12,
        null,
        null,
        1,
        12,
        null,
        null,
        1,
        12,
        12,
        12,
        null,
        null,
        1,
        12,
        null,
        null,
        null
      ],
      "/Users/benji/BookmarkApp/bookclips-rails/app/serializers/hashtag_serializer.rb": [
        1,
        1,
        null,
        1,
        12,
        null,
        null,
        null
      ]
    },
    "timestamp": 1423573859
  }
}
